2025-08-15 01:00:31,759 [HikariPool-1:housekeeper] WARN  com.zaxxer.hikari.pool.HikariPool - HikariPool-1 - Thread starvation or clock leap detected (housekeeper delta=1h13m45s520ms).
2025-08-15 01:00:32,685 [scheduling-5] DEBUG c.n.i.s.a.InternetConnectivityService - Connectivity check failed for https://www.google.com: www.google.com
2025-08-15 01:00:32,719 [scheduling-5] DEBUG c.n.i.s.a.InternetConnectivityService - Connectivity check failed for https://www.cloudflare.com: www.cloudflare.com
2025-08-15 01:00:32,744 [scheduling-5] DEBUG c.n.i.s.a.InternetConnectivityService - Connectivity check failed for https://httpbin.org/status/200: httpbin.org
2025-08-15 01:00:32,750 [scheduling-5] WARN  c.n.i.s.a.InternetConnectivityService - No internet connectivity detected
2025-08-15 01:00:32,751 [scheduling-5] DEBUG c.n.i.s.admin.ReportRetryService - No internet connectivity - skipping failed report processing
2025-08-15 01:55:14,507 [HikariPool-1:housekeeper] WARN  com.zaxxer.hikari.pool.HikariPool - HikariPool-1 - Thread starvation or clock leap detected (housekeeper delta=54m42s692ms).
2025-08-15 05:02:50,514 [scheduling-5] DEBUG c.n.i.s.a.InternetConnectivityService - Connectivity check failed for https://www.google.com: www.google.com
2025-08-15 05:02:50,524 [scheduling-5] DEBUG c.n.i.s.a.InternetConnectivityService - Connectivity check failed for https://www.cloudflare.com: www.cloudflare.com
2025-08-15 05:02:50,525 [scheduling-5] DEBUG c.n.i.s.a.InternetConnectivityService - Connectivity check failed for https://httpbin.org/status/200: httpbin.org
2025-08-15 05:02:50,529 [scheduling-5] WARN  c.n.i.s.a.InternetConnectivityService - No internet connectivity detected
2025-08-15 05:02:50,529 [scheduling-5] DEBUG c.n.i.s.admin.ReportRetryService - No internet connectivity - skipping failed report processing
2025-08-15 05:02:50,966 [HikariPool-1:housekeeper] WARN  com.zaxxer.hikari.pool.HikariPool - HikariPool-1 - Thread starvation or clock leap detected (housekeeper delta=3h7m36s546ms).
2025-08-15 07:06:53,004 [HikariPool-1:housekeeper] WARN  com.zaxxer.hikari.pool.HikariPool - HikariPool-1 - Thread starvation or clock leap detected (housekeeper delta=2h4m2s34ms).
2025-08-15 08:04:10,158 [HikariPool-1:housekeeper] WARN  com.zaxxer.hikari.pool.HikariPool - HikariPool-1 - Thread starvation or clock leap detected (housekeeper delta=57m17s155ms).
2025-08-15 08:04:10,603 [scheduling-5] DEBUG c.n.i.s.a.InternetConnectivityService - Connectivity check failed for https://www.google.com: www.google.com
2025-08-15 08:04:10,622 [scheduling-5] DEBUG c.n.i.s.a.InternetConnectivityService - Connectivity check failed for https://www.cloudflare.com: www.cloudflare.com
2025-08-15 08:04:10,625 [scheduling-5] DEBUG c.n.i.s.a.InternetConnectivityService - Connectivity check failed for https://httpbin.org/status/200: httpbin.org
2025-08-15 08:04:10,626 [scheduling-5] WARN  c.n.i.s.a.InternetConnectivityService - No internet connectivity detected
2025-08-15 08:04:10,626 [scheduling-5] DEBUG c.n.i.s.admin.ReportRetryService - No internet connectivity - skipping failed report processing
2025-08-15 08:30:56,274 [HikariPool-1:housekeeper] WARN  com.zaxxer.hikari.pool.HikariPool - HikariPool-1 - Thread starvation or clock leap detected (housekeeper delta=26m46s119ms).
2025-08-15 08:31:30,768 [scheduling-5] DEBUG c.n.i.s.a.InternetConnectivityService - Internet connectivity confirmed
2025-08-15 08:31:30,829 [scheduling-5] INFO  c.n.i.s.admin.ReportRetryService - Cleaned up old successful reports. Pending reports: 0
2025-08-15 08:32:31,559 [scheduling-5] DEBUG c.n.i.s.a.InternetConnectivityService - Internet connectivity confirmed
2025-08-15 08:32:31,566 [scheduling-5] INFO  c.n.i.s.admin.ReportRetryService - Cleaned up old successful reports. Pending reports: 0
2025-08-15 08:33:32,279 [scheduling-5] DEBUG c.n.i.s.a.InternetConnectivityService - Internet connectivity confirmed
2025-08-15 08:33:32,289 [scheduling-5] INFO  c.n.i.s.admin.ReportRetryService - Cleaned up old successful reports. Pending reports: 0
2025-08-15 08:34:33,006 [scheduling-5] DEBUG c.n.i.s.a.InternetConnectivityService - Internet connectivity confirmed
2025-08-15 08:34:33,013 [scheduling-5] INFO  c.n.i.s.admin.ReportRetryService - Cleaned up old successful reports. Pending reports: 0
2025-08-15 08:35:33,724 [scheduling-5] DEBUG c.n.i.s.a.InternetConnectivityService - Internet connectivity confirmed
2025-08-15 08:35:33,729 [scheduling-5] INFO  c.n.i.s.admin.ReportRetryService - Cleaned up old successful reports. Pending reports: 0
2025-08-15 08:36:34,553 [scheduling-5] DEBUG c.n.i.s.a.InternetConnectivityService - Internet connectivity confirmed
2025-08-15 08:36:34,559 [scheduling-5] INFO  c.n.i.s.admin.ReportRetryService - Cleaned up old successful reports. Pending reports: 0
2025-08-15 08:37:35,699 [scheduling-5] DEBUG c.n.i.s.a.InternetConnectivityService - Internet connectivity confirmed
2025-08-15 08:37:35,705 [scheduling-5] INFO  c.n.i.s.admin.ReportRetryService - Cleaned up old successful reports. Pending reports: 0
2025-08-15 08:38:36,384 [scheduling-5] DEBUG c.n.i.s.a.InternetConnectivityService - Internet connectivity confirmed
2025-08-15 08:38:36,400 [scheduling-5] INFO  c.n.i.s.admin.ReportRetryService - Cleaned up old successful reports. Pending reports: 0
2025-08-15 08:39:37,130 [scheduling-5] DEBUG c.n.i.s.a.InternetConnectivityService - Internet connectivity confirmed
2025-08-15 08:39:37,139 [scheduling-5] INFO  c.n.i.s.admin.ReportRetryService - Cleaned up old successful reports. Pending reports: 0
2025-08-15 08:40:37,829 [scheduling-5] DEBUG c.n.i.s.a.InternetConnectivityService - Internet connectivity confirmed
2025-08-15 08:40:37,840 [scheduling-5] INFO  c.n.i.s.admin.ReportRetryService - Cleaned up old successful reports. Pending reports: 0
2025-08-15 08:41:38,589 [scheduling-5] DEBUG c.n.i.s.a.InternetConnectivityService - Internet connectivity confirmed
2025-08-15 08:41:38,598 [scheduling-5] INFO  c.n.i.s.admin.ReportRetryService - Cleaned up old successful reports. Pending reports: 0
2025-08-15 08:42:39,193 [scheduling-5] DEBUG c.n.i.s.a.InternetConnectivityService - Internet connectivity confirmed
2025-08-15 08:42:39,199 [scheduling-5] INFO  c.n.i.s.admin.ReportRetryService - Cleaned up old successful reports. Pending reports: 0
2025-08-15 08:43:40,119 [scheduling-5] DEBUG c.n.i.s.a.InternetConnectivityService - Internet connectivity confirmed
2025-08-15 08:43:40,127 [scheduling-5] INFO  c.n.i.s.admin.ReportRetryService - Cleaned up old successful reports. Pending reports: 0
2025-08-15 08:44:40,853 [scheduling-5] DEBUG c.n.i.s.a.InternetConnectivityService - Internet connectivity confirmed
2025-08-15 08:44:40,859 [scheduling-5] INFO  c.n.i.s.admin.ReportRetryService - Cleaned up old successful reports. Pending reports: 0
2025-08-15 08:45:41,688 [scheduling-5] DEBUG c.n.i.s.a.InternetConnectivityService - Internet connectivity confirmed
2025-08-15 08:45:41,693 [scheduling-5] INFO  c.n.i.s.admin.ReportRetryService - Cleaned up old successful reports. Pending reports: 0
2025-08-15 08:46:29,633 [HikariPool-1:housekeeper] WARN  com.zaxxer.hikari.pool.HikariPool - HikariPool-1 - Retrograde clock change detected (housekeeper delta=29s861ms), soft-evicting connections from pool.
2025-08-15 08:46:42,660 [scheduling-5] DEBUG c.n.i.s.a.InternetConnectivityService - Internet connectivity confirmed
2025-08-15 08:46:42,667 [scheduling-5] INFO  c.n.i.s.admin.ReportRetryService - Cleaned up old successful reports. Pending reports: 0
2025-08-15 08:47:43,502 [scheduling-5] DEBUG c.n.i.s.a.InternetConnectivityService - Internet connectivity confirmed
2025-08-15 08:47:43,508 [scheduling-5] INFO  c.n.i.s.admin.ReportRetryService - Cleaned up old successful reports. Pending reports: 0
2025-08-15 08:48:44,223 [scheduling-5] DEBUG c.n.i.s.a.InternetConnectivityService - Internet connectivity confirmed
2025-08-15 08:48:44,228 [scheduling-5] INFO  c.n.i.s.admin.ReportRetryService - Cleaned up old successful reports. Pending reports: 0
2025-08-15 08:49:44,949 [scheduling-5] DEBUG c.n.i.s.a.InternetConnectivityService - Internet connectivity confirmed
2025-08-15 08:49:44,954 [scheduling-5] INFO  c.n.i.s.admin.ReportRetryService - Cleaned up old successful reports. Pending reports: 0
2025-08-15 08:50:45,667 [scheduling-5] DEBUG c.n.i.s.a.InternetConnectivityService - Internet connectivity confirmed
2025-08-15 08:50:45,673 [scheduling-5] INFO  c.n.i.s.admin.ReportRetryService - Cleaned up old successful reports. Pending reports: 0
2025-08-15 08:51:46,393 [scheduling-5] DEBUG c.n.i.s.a.InternetConnectivityService - Internet connectivity confirmed
2025-08-15 08:51:46,397 [scheduling-5] INFO  c.n.i.s.admin.ReportRetryService - Cleaned up old successful reports. Pending reports: 0
2025-08-15 08:52:47,071 [scheduling-5] DEBUG c.n.i.s.a.InternetConnectivityService - Internet connectivity confirmed
2025-08-15 08:52:47,084 [scheduling-5] INFO  c.n.i.s.admin.ReportRetryService - Cleaned up old successful reports. Pending reports: 0
2025-08-15 08:53:47,940 [scheduling-5] DEBUG c.n.i.s.a.InternetConnectivityService - Internet connectivity confirmed
2025-08-15 08:53:47,952 [scheduling-5] INFO  c.n.i.s.admin.ReportRetryService - Cleaned up old successful reports. Pending reports: 0
2025-08-15 08:54:48,688 [scheduling-5] DEBUG c.n.i.s.a.InternetConnectivityService - Internet connectivity confirmed
2025-08-15 08:54:48,693 [scheduling-5] INFO  c.n.i.s.admin.ReportRetryService - Cleaned up old successful reports. Pending reports: 0
2025-08-15 08:55:29,835 [scheduling-1] DEBUG c.n.i.s.sync.SyncSchedulerService - Checking for stuck sync sessions
2025-08-15 08:55:29,835 [scheduling-4] INFO  c.n.i.s.sync.SyncSchedulerService - Starting scheduled cleanup of expired sync sessions
2025-08-15 08:55:29,835 [scheduling-4] INFO  c.n.i.s.s.o.SessionBasedSyncService - Cleaning up expired sync sessions
2025-08-15 08:55:29,852 [scheduling-4] INFO  c.n.i.s.s.o.SessionBasedSyncService - Cleaned up 0 expired sync sessions
2025-08-15 08:55:29,852 [scheduling-4] INFO  c.n.i.s.sync.SyncSchedulerService - Completed scheduled cleanup of expired sync sessions
2025-08-15 08:55:29,856 [scheduling-3] INFO  c.n.i.s.sync.SyncSchedulerService - Sync Session Statistics - Active: 0, Paused: 0, Completed: 0, Cancelled: 0, Expired: 0
2025-08-15 08:55:49,449 [scheduling-5] DEBUG c.n.i.s.a.InternetConnectivityService - Internet connectivity confirmed
2025-08-15 08:55:49,455 [scheduling-5] INFO  c.n.i.s.admin.ReportRetryService - Cleaned up old successful reports. Pending reports: 0
2025-08-15 08:56:50,212 [scheduling-5] DEBUG c.n.i.s.a.InternetConnectivityService - Internet connectivity confirmed
2025-08-15 08:56:50,219 [scheduling-5] INFO  c.n.i.s.admin.ReportRetryService - Cleaned up old successful reports. Pending reports: 0
2025-08-15 08:57:50,933 [scheduling-5] DEBUG c.n.i.s.a.InternetConnectivityService - Internet connectivity confirmed
2025-08-15 08:57:50,938 [scheduling-5] INFO  c.n.i.s.admin.ReportRetryService - Cleaned up old successful reports. Pending reports: 0
2025-08-15 08:58:51,603 [scheduling-5] DEBUG c.n.i.s.a.InternetConnectivityService - Internet connectivity confirmed
2025-08-15 08:58:51,607 [scheduling-5] INFO  c.n.i.s.admin.ReportRetryService - Cleaned up old successful reports. Pending reports: 0
2025-08-15 08:59:03,020 [SpringApplicationShutdownHook] INFO  o.s.b.w.e.tomcat.GracefulShutdown - Commencing graceful shutdown. Waiting for active requests to complete
2025-08-15 08:59:03,041 [tomcat-shutdown] INFO  o.s.b.w.e.tomcat.GracefulShutdown - Graceful shutdown complete
2025-08-15 08:59:03,078 [SpringApplicationShutdownHook] INFO  o.s.o.j.LocalContainerEntityManagerFactoryBean - Closing JPA EntityManagerFactory for persistence unit 'default'
2025-08-15 08:59:03,087 [SpringApplicationShutdownHook] INFO  com.zaxxer.hikari.HikariDataSource - HikariPool-1 - Shutdown initiated...
2025-08-15 08:59:03,090 [SpringApplicationShutdownHook] INFO  com.zaxxer.hikari.HikariDataSource - HikariPool-1 - Shutdown completed.
